{"/workspace/desafio-mateus-v-gomes/src/caixa-da-lanchonete.js": {"path":"/workspace/desafio-mateus-v-gomes/src/caixa-da-lanchonete.js","all":false,"statementMap":{"0":{"start":{"line":1,"column":0},"end":{"line":1,"column":18}},"1":{"start":{"line":2,"column":0},"end":{"line":2,"column":5}},"2":{"start":{"line":3,"column":0},"end":{"line":3,"column":23}},"3":{"start":{"line":4,"column":0},"end":{"line":4,"column":26}},"4":{"start":{"line":5,"column":0},"end":{"line":5,"column":20}},"5":{"start":{"line":6,"column":0},"end":{"line":6,"column":20}},"6":{"start":{"line":7,"column":0},"end":{"line":7,"column":6}},"7":{"start":{"line":8,"column":0},"end":{"line":8,"column":5}},"8":{"start":{"line":9,"column":0},"end":{"line":9,"column":27}},"9":{"start":{"line":10,"column":0},"end":{"line":10,"column":46}},"10":{"start":{"line":11,"column":0},"end":{"line":11,"column":20}},"11":{"start":{"line":12,"column":0},"end":{"line":12,"column":19}},"12":{"start":{"line":13,"column":0},"end":{"line":13,"column":6}},"13":{"start":{"line":14,"column":0},"end":{"line":14,"column":5}},"14":{"start":{"line":15,"column":0},"end":{"line":15,"column":23}},"15":{"start":{"line":16,"column":0},"end":{"line":16,"column":34}},"16":{"start":{"line":17,"column":0},"end":{"line":17,"column":20}},"17":{"start":{"line":18,"column":0},"end":{"line":18,"column":20}},"18":{"start":{"line":19,"column":0},"end":{"line":19,"column":6}},"19":{"start":{"line":20,"column":0},"end":{"line":20,"column":5}},"20":{"start":{"line":21,"column":0},"end":{"line":21,"column":28}},"21":{"start":{"line":22,"column":0},"end":{"line":22,"column":31}},"22":{"start":{"line":23,"column":0},"end":{"line":23,"column":20}},"23":{"start":{"line":24,"column":0},"end":{"line":24,"column":20}},"24":{"start":{"line":25,"column":0},"end":{"line":25,"column":6}},"25":{"start":{"line":26,"column":0},"end":{"line":26,"column":5}},"26":{"start":{"line":27,"column":0},"end":{"line":27,"column":25}},"27":{"start":{"line":28,"column":0},"end":{"line":28,"column":49}},"28":{"start":{"line":29,"column":0},"end":{"line":29,"column":20}},"29":{"start":{"line":30,"column":0},"end":{"line":30,"column":19}},"30":{"start":{"line":31,"column":0},"end":{"line":31,"column":6}},"31":{"start":{"line":32,"column":0},"end":{"line":32,"column":5}},"32":{"start":{"line":33,"column":0},"end":{"line":33,"column":26}},"33":{"start":{"line":34,"column":0},"end":{"line":34,"column":29}},"34":{"start":{"line":35,"column":0},"end":{"line":35,"column":20}},"35":{"start":{"line":36,"column":0},"end":{"line":36,"column":20}},"36":{"start":{"line":37,"column":0},"end":{"line":37,"column":6}},"37":{"start":{"line":38,"column":0},"end":{"line":38,"column":5}},"38":{"start":{"line":39,"column":0},"end":{"line":39,"column":25}},"39":{"start":{"line":40,"column":0},"end":{"line":40,"column":42}},"40":{"start":{"line":41,"column":0},"end":{"line":41,"column":20}},"41":{"start":{"line":42,"column":0},"end":{"line":42,"column":20}},"42":{"start":{"line":43,"column":0},"end":{"line":43,"column":6}},"43":{"start":{"line":44,"column":0},"end":{"line":44,"column":5}},"44":{"start":{"line":45,"column":0},"end":{"line":45,"column":25}},"45":{"start":{"line":46,"column":0},"end":{"line":46,"column":42}},"46":{"start":{"line":47,"column":0},"end":{"line":47,"column":20}},"47":{"start":{"line":48,"column":0},"end":{"line":48,"column":20}},"48":{"start":{"line":49,"column":0},"end":{"line":49,"column":6}},"49":{"start":{"line":50,"column":0},"end":{"line":50,"column":0}},"50":{"start":{"line":51,"column":0},"end":{"line":51,"column":1}},"51":{"start":{"line":52,"column":0},"end":{"line":52,"column":57}},"52":{"start":{"line":53,"column":0},"end":{"line":53,"column":25}},"53":{"start":{"line":54,"column":0},"end":{"line":54,"column":0}},"54":{"start":{"line":55,"column":0},"end":{"line":55,"column":53}},"55":{"start":{"line":56,"column":0},"end":{"line":56,"column":29}},"56":{"start":{"line":57,"column":0},"end":{"line":57,"column":27}},"57":{"start":{"line":58,"column":0},"end":{"line":58,"column":35}},"58":{"start":{"line":59,"column":0},"end":{"line":59,"column":33}},"59":{"start":{"line":60,"column":0},"end":{"line":60,"column":54}},"60":{"start":{"line":61,"column":0},"end":{"line":61,"column":9}},"61":{"start":{"line":62,"column":0},"end":{"line":62,"column":75}},"62":{"start":{"line":63,"column":0},"end":{"line":63,"column":48}},"63":{"start":{"line":64,"column":0},"end":{"line":64,"column":9}},"64":{"start":{"line":65,"column":0},"end":{"line":65,"column":14}},"65":{"start":{"line":66,"column":0},"end":{"line":66,"column":35}},"66":{"start":{"line":67,"column":0},"end":{"line":67,"column":28}},"67":{"start":{"line":68,"column":0},"end":{"line":68,"column":6}},"68":{"start":{"line":69,"column":0},"end":{"line":69,"column":41}},"69":{"start":{"line":70,"column":0},"end":{"line":70,"column":37}},"70":{"start":{"line":71,"column":0},"end":{"line":71,"column":43}},"71":{"start":{"line":72,"column":0},"end":{"line":72,"column":33}},"72":{"start":{"line":73,"column":0},"end":{"line":73,"column":30}},"73":{"start":{"line":74,"column":0},"end":{"line":74,"column":13}},"74":{"start":{"line":75,"column":0},"end":{"line":75,"column":34}},"75":{"start":{"line":76,"column":0},"end":{"line":76,"column":48}},"76":{"start":{"line":77,"column":0},"end":{"line":77,"column":39}},"77":{"start":{"line":78,"column":0},"end":{"line":78,"column":13}},"78":{"start":{"line":79,"column":0},"end":{"line":79,"column":55}},"79":{"start":{"line":80,"column":0},"end":{"line":80,"column":41}},"80":{"start":{"line":81,"column":0},"end":{"line":81,"column":39}},"81":{"start":{"line":82,"column":0},"end":{"line":82,"column":13}},"82":{"start":{"line":83,"column":0},"end":{"line":83,"column":18}},"83":{"start":{"line":84,"column":0},"end":{"line":84,"column":6}},"84":{"start":{"line":85,"column":0},"end":{"line":85,"column":34}},"85":{"start":{"line":86,"column":0},"end":{"line":86,"column":31}},"86":{"start":{"line":87,"column":0},"end":{"line":87,"column":46}},"87":{"start":{"line":88,"column":0},"end":{"line":88,"column":16}},"88":{"start":{"line":89,"column":0},"end":{"line":89,"column":6}},"89":{"start":{"line":90,"column":0},"end":{"line":90,"column":13}},"90":{"start":{"line":91,"column":0},"end":{"line":91,"column":12}},"91":{"start":{"line":92,"column":0},"end":{"line":92,"column":32}},"92":{"start":{"line":93,"column":0},"end":{"line":93,"column":28}},"93":{"start":{"line":94,"column":0},"end":{"line":94,"column":11}},"94":{"start":{"line":95,"column":0},"end":{"line":95,"column":16}},"95":{"start":{"line":96,"column":0},"end":{"line":96,"column":67}},"96":{"start":{"line":97,"column":0},"end":{"line":97,"column":87}},"97":{"start":{"line":98,"column":0},"end":{"line":98,"column":49}},"98":{"start":{"line":99,"column":0},"end":{"line":99,"column":38}},"99":{"start":{"line":100,"column":0},"end":{"line":100,"column":37}},"100":{"start":{"line":101,"column":0},"end":{"line":101,"column":6}},"101":{"start":{"line":102,"column":0},"end":{"line":102,"column":15}},"102":{"start":{"line":103,"column":0},"end":{"line":103,"column":71}},"103":{"start":{"line":104,"column":0},"end":{"line":104,"column":15}},"104":{"start":{"line":105,"column":0},"end":{"line":105,"column":45}},"105":{"start":{"line":106,"column":0},"end":{"line":106,"column":6}},"106":{"start":{"line":107,"column":0},"end":{"line":107,"column":11}},"107":{"start":{"line":108,"column":0},"end":{"line":108,"column":41}},"108":{"start":{"line":109,"column":0},"end":{"line":109,"column":68}},"109":{"start":{"line":110,"column":0},"end":{"line":110,"column":11}},"110":{"start":{"line":111,"column":0},"end":{"line":111,"column":6}},"111":{"start":{"line":112,"column":0},"end":{"line":112,"column":16}},"112":{"start":{"line":113,"column":0},"end":{"line":113,"column":43}},"113":{"start":{"line":114,"column":0},"end":{"line":114,"column":59}},"114":{"start":{"line":115,"column":0},"end":{"line":115,"column":14}},"115":{"start":{"line":116,"column":0},"end":{"line":116,"column":6}},"116":{"start":{"line":117,"column":0},"end":{"line":117,"column":50}},"117":{"start":{"line":118,"column":0},"end":{"line":118,"column":47}},"118":{"start":{"line":119,"column":0},"end":{"line":119,"column":93}},"119":{"start":{"line":120,"column":0},"end":{"line":120,"column":6}},"120":{"start":{"line":121,"column":0},"end":{"line":121,"column":32}},"121":{"start":{"line":122,"column":0},"end":{"line":122,"column":13}},"122":{"start":{"line":123,"column":0},"end":{"line":123,"column":56}},"123":{"start":{"line":124,"column":0},"end":{"line":124,"column":47}},"124":{"start":{"line":125,"column":0},"end":{"line":125,"column":92}},"125":{"start":{"line":126,"column":0},"end":{"line":126,"column":6}},"126":{"start":{"line":127,"column":0},"end":{"line":127,"column":32}},"127":{"start":{"line":128,"column":0},"end":{"line":128,"column":13}},"128":{"start":{"line":129,"column":0},"end":{"line":129,"column":18}},"129":{"start":{"line":130,"column":0},"end":{"line":130,"column":71}},"130":{"start":{"line":131,"column":0},"end":{"line":131,"column":13}},"131":{"start":{"line":132,"column":0},"end":{"line":132,"column":6}},"132":{"start":{"line":133,"column":0},"end":{"line":133,"column":11}},"133":{"start":{"line":134,"column":0},"end":{"line":134,"column":9}},"134":{"start":{"line":135,"column":0},"end":{"line":135,"column":7}},"135":{"start":{"line":136,"column":0},"end":{"line":136,"column":0}},"136":{"start":{"line":137,"column":0},"end":{"line":137,"column":5}},"137":{"start":{"line":138,"column":0},"end":{"line":138,"column":0}},"138":{"start":{"line":139,"column":0},"end":{"line":139,"column":36}},"139":{"start":{"line":140,"column":0},"end":{"line":140,"column":73}},"140":{"start":{"line":141,"column":0},"end":{"line":141,"column":24}},"141":{"start":{"line":142,"column":0},"end":{"line":142,"column":6}},"142":{"start":{"line":143,"column":0},"end":{"line":143,"column":7}},"143":{"start":{"line":144,"column":0},"end":{"line":144,"column":0}},"144":{"start":{"line":145,"column":0},"end":{"line":145,"column":29}}},"s":{"0":1,"1":1,"2":1,"3":1,"4":1,"5":1,"6":1,"7":1,"8":1,"9":1,"10":1,"11":1,"12":1,"13":1,"14":1,"15":1,"16":1,"17":1,"18":1,"19":1,"20":1,"21":1,"22":1,"23":1,"24":1,"25":1,"26":1,"27":1,"28":1,"29":1,"30":1,"31":1,"32":1,"33":1,"34":1,"35":1,"36":1,"37":1,"38":1,"39":1,"40":1,"41":1,"42":1,"43":1,"44":1,"45":1,"46":1,"47":1,"48":1,"49":1,"50":1,"51":1,"52":1,"53":1,"54":1,"55":19,"56":19,"57":19,"58":19,"59":3,"60":3,"61":16,"62":1,"63":1,"64":15,"65":15,"66":15,"67":15,"68":15,"69":27,"70":27,"71":27,"72":0,"73":0,"74":27,"75":1,"76":1,"77":1,"78":26,"79":2,"80":2,"81":2,"82":24,"83":24,"84":24,"85":24,"86":24,"87":24,"88":24,"89":24,"90":15,"91":15,"92":3,"93":3,"94":12,"95":12,"96":24,"97":24,"98":15,"99":15,"100":15,"101":15,"102":24,"103":12,"104":12,"105":12,"106":12,"107":15,"108":2,"109":2,"110":10,"111":10,"112":10,"113":22,"114":10,"115":10,"116":10,"117":4,"118":4,"119":4,"120":4,"121":4,"122":6,"123":2,"124":2,"125":2,"126":2,"127":2,"128":4,"129":4,"130":4,"131":10,"132":10,"133":15,"134":19,"135":1,"136":1,"137":1,"138":1,"139":26,"140":26,"141":26,"142":26,"143":1,"144":1},"branchMap":{"0":{"type":"branch","line":55,"loc":{"start":{"line":55,"column":4},"end":{"line":135,"column":7}},"locations":[{"start":{"line":55,"column":4},"end":{"line":135,"column":7}}]},"1":{"type":"branch","line":59,"loc":{"start":{"line":59,"column":32},"end":{"line":61,"column":9}},"locations":[{"start":{"line":59,"column":32},"end":{"line":61,"column":9}}]},"2":{"type":"branch","line":62,"loc":{"start":{"line":62,"column":-1},"end":{"line":134,"column":9}},"locations":[{"start":{"line":62,"column":-1},"end":{"line":134,"column":9}}]},"3":{"type":"branch","line":62,"loc":{"start":{"line":62,"column":74},"end":{"line":64,"column":9}},"locations":[{"start":{"line":62,"column":74},"end":{"line":64,"column":9}}]},"4":{"type":"branch","line":65,"loc":{"start":{"line":65,"column":-1},"end":{"line":134,"column":9}},"locations":[{"start":{"line":65,"column":-1},"end":{"line":134,"column":9}}]},"5":{"type":"branch","line":92,"loc":{"start":{"line":92,"column":31},"end":{"line":94,"column":11}},"locations":[{"start":{"line":92,"column":31},"end":{"line":94,"column":11}}]},"6":{"type":"branch","line":95,"loc":{"start":{"line":95,"column":-1},"end":{"line":108,"column":40}},"locations":[{"start":{"line":95,"column":-1},"end":{"line":108,"column":40}}]},"7":{"type":"branch","line":108,"loc":{"start":{"line":108,"column":40},"end":{"line":110,"column":11}},"locations":[{"start":{"line":108,"column":40},"end":{"line":110,"column":11}}]},"8":{"type":"branch","line":111,"loc":{"start":{"line":111,"column":-1},"end":{"line":133,"column":11}},"locations":[{"start":{"line":111,"column":-1},"end":{"line":133,"column":11}}]},"9":{"type":"branch","line":117,"loc":{"start":{"line":117,"column":49},"end":{"line":122,"column":13}},"locations":[{"start":{"line":117,"column":49},"end":{"line":122,"column":13}}]},"10":{"type":"branch","line":123,"loc":{"start":{"line":123,"column":-1},"end":{"line":131,"column":13}},"locations":[{"start":{"line":123,"column":-1},"end":{"line":131,"column":13}}]},"11":{"type":"branch","line":123,"loc":{"start":{"line":123,"column":55},"end":{"line":128,"column":13}},"locations":[{"start":{"line":123,"column":55},"end":{"line":128,"column":13}}]},"12":{"type":"branch","line":129,"loc":{"start":{"line":129,"column":-1},"end":{"line":131,"column":13}},"locations":[{"start":{"line":129,"column":-1},"end":{"line":131,"column":13}}]},"13":{"type":"branch","line":69,"loc":{"start":{"line":69,"column":24},"end":{"line":91,"column":11}},"locations":[{"start":{"line":69,"column":24},"end":{"line":91,"column":11}}]},"14":{"type":"branch","line":72,"loc":{"start":{"line":72,"column":32},"end":{"line":74,"column":13}},"locations":[{"start":{"line":72,"column":32},"end":{"line":74,"column":13}}]},"15":{"type":"branch","line":75,"loc":{"start":{"line":75,"column":33},"end":{"line":78,"column":13}},"locations":[{"start":{"line":75,"column":33},"end":{"line":78,"column":13}}]},"16":{"type":"branch","line":79,"loc":{"start":{"line":79,"column":-1},"end":{"line":90,"column":13}},"locations":[{"start":{"line":79,"column":-1},"end":{"line":90,"column":13}}]},"17":{"type":"branch","line":79,"loc":{"start":{"line":79,"column":54},"end":{"line":82,"column":13}},"locations":[{"start":{"line":79,"column":54},"end":{"line":82,"column":13}}]},"18":{"type":"branch","line":83,"loc":{"start":{"line":83,"column":-1},"end":{"line":90,"column":13}},"locations":[{"start":{"line":83,"column":-1},"end":{"line":90,"column":13}}]},"19":{"type":"branch","line":96,"loc":{"start":{"line":96,"column":56},"end":{"line":104,"column":13}},"locations":[{"start":{"line":96,"column":56},"end":{"line":104,"column":13}}]},"20":{"type":"branch","line":98,"loc":{"start":{"line":98,"column":48},"end":{"line":102,"column":15}},"locations":[{"start":{"line":98,"column":48},"end":{"line":102,"column":15}}]},"21":{"type":"branch","line":97,"loc":{"start":{"line":97,"column":49},"end":{"line":97,"column":86}},"locations":[{"start":{"line":97,"column":49},"end":{"line":97,"column":86}}]},"22":{"type":"branch","line":113,"loc":{"start":{"line":113,"column":34},"end":{"line":115,"column":13}},"locations":[{"start":{"line":113,"column":34},"end":{"line":115,"column":13}}]},"23":{"type":"branch","line":139,"loc":{"start":{"line":139,"column":4},"end":{"line":143,"column":7}},"locations":[{"start":{"line":139,"column":4},"end":{"line":143,"column":7}}]},"24":{"type":"branch","line":140,"loc":{"start":{"line":140,"column":40},"end":{"line":140,"column":71}},"locations":[{"start":{"line":140,"column":40},"end":{"line":140,"column":71}}]}},"b":{"0":[19],"1":[3],"2":[16],"3":[1],"4":[15],"5":[3],"6":[12],"7":[2],"8":[10],"9":[4],"10":[6],"11":[2],"12":[4],"13":[27],"14":[0],"15":[1],"16":[26],"17":[2],"18":[24],"19":[24],"20":[15],"21":[72],"22":[22],"23":[26],"24":[88]},"fnMap":{"0":{"name":"calcularValorDaCompra","decl":{"start":{"line":55,"column":4},"end":{"line":135,"column":7}},"loc":{"start":{"line":55,"column":4},"end":{"line":135,"column":7}},"line":55},"1":{"name":"verificarItem","decl":{"start":{"line":139,"column":4},"end":{"line":143,"column":7}},"loc":{"start":{"line":139,"column":4},"end":{"line":143,"column":7}},"line":139}},"f":{"0":19,"1":26}}
}
