{"/workspace/desafio-mateus-v-gomes/src/caixa-da-lanchonete.js": {"path":"/workspace/desafio-mateus-v-gomes/src/caixa-da-lanchonete.js","all":false,"statementMap":{"0":{"start":{"line":1,"column":0},"end":{"line":1,"column":18}},"1":{"start":{"line":2,"column":0},"end":{"line":2,"column":5}},"2":{"start":{"line":3,"column":0},"end":{"line":3,"column":23}},"3":{"start":{"line":4,"column":0},"end":{"line":4,"column":26}},"4":{"start":{"line":5,"column":0},"end":{"line":5,"column":20}},"5":{"start":{"line":6,"column":0},"end":{"line":6,"column":20}},"6":{"start":{"line":7,"column":0},"end":{"line":7,"column":6}},"7":{"start":{"line":8,"column":0},"end":{"line":8,"column":5}},"8":{"start":{"line":9,"column":0},"end":{"line":9,"column":27}},"9":{"start":{"line":10,"column":0},"end":{"line":10,"column":46}},"10":{"start":{"line":11,"column":0},"end":{"line":11,"column":20}},"11":{"start":{"line":12,"column":0},"end":{"line":12,"column":19}},"12":{"start":{"line":13,"column":0},"end":{"line":13,"column":6}},"13":{"start":{"line":14,"column":0},"end":{"line":14,"column":5}},"14":{"start":{"line":15,"column":0},"end":{"line":15,"column":23}},"15":{"start":{"line":16,"column":0},"end":{"line":16,"column":34}},"16":{"start":{"line":17,"column":0},"end":{"line":17,"column":20}},"17":{"start":{"line":18,"column":0},"end":{"line":18,"column":20}},"18":{"start":{"line":19,"column":0},"end":{"line":19,"column":6}},"19":{"start":{"line":20,"column":0},"end":{"line":20,"column":5}},"20":{"start":{"line":21,"column":0},"end":{"line":21,"column":28}},"21":{"start":{"line":22,"column":0},"end":{"line":22,"column":31}},"22":{"start":{"line":23,"column":0},"end":{"line":23,"column":20}},"23":{"start":{"line":24,"column":0},"end":{"line":24,"column":20}},"24":{"start":{"line":25,"column":0},"end":{"line":25,"column":6}},"25":{"start":{"line":26,"column":0},"end":{"line":26,"column":5}},"26":{"start":{"line":27,"column":0},"end":{"line":27,"column":25}},"27":{"start":{"line":28,"column":0},"end":{"line":28,"column":49}},"28":{"start":{"line":29,"column":0},"end":{"line":29,"column":20}},"29":{"start":{"line":30,"column":0},"end":{"line":30,"column":19}},"30":{"start":{"line":31,"column":0},"end":{"line":31,"column":6}},"31":{"start":{"line":32,"column":0},"end":{"line":32,"column":5}},"32":{"start":{"line":33,"column":0},"end":{"line":33,"column":26}},"33":{"start":{"line":34,"column":0},"end":{"line":34,"column":29}},"34":{"start":{"line":35,"column":0},"end":{"line":35,"column":20}},"35":{"start":{"line":36,"column":0},"end":{"line":36,"column":20}},"36":{"start":{"line":37,"column":0},"end":{"line":37,"column":6}},"37":{"start":{"line":38,"column":0},"end":{"line":38,"column":5}},"38":{"start":{"line":39,"column":0},"end":{"line":39,"column":25}},"39":{"start":{"line":40,"column":0},"end":{"line":40,"column":42}},"40":{"start":{"line":41,"column":0},"end":{"line":41,"column":20}},"41":{"start":{"line":42,"column":0},"end":{"line":42,"column":20}},"42":{"start":{"line":43,"column":0},"end":{"line":43,"column":6}},"43":{"start":{"line":44,"column":0},"end":{"line":44,"column":5}},"44":{"start":{"line":45,"column":0},"end":{"line":45,"column":25}},"45":{"start":{"line":46,"column":0},"end":{"line":46,"column":42}},"46":{"start":{"line":47,"column":0},"end":{"line":47,"column":20}},"47":{"start":{"line":48,"column":0},"end":{"line":48,"column":20}},"48":{"start":{"line":49,"column":0},"end":{"line":49,"column":6}},"49":{"start":{"line":50,"column":0},"end":{"line":50,"column":0}},"50":{"start":{"line":51,"column":0},"end":{"line":51,"column":1}},"51":{"start":{"line":52,"column":0},"end":{"line":52,"column":57}},"52":{"start":{"line":53,"column":0},"end":{"line":53,"column":25}},"53":{"start":{"line":54,"column":0},"end":{"line":54,"column":0}},"54":{"start":{"line":55,"column":0},"end":{"line":55,"column":53}},"55":{"start":{"line":56,"column":0},"end":{"line":56,"column":29}},"56":{"start":{"line":57,"column":0},"end":{"line":57,"column":27}},"57":{"start":{"line":58,"column":0},"end":{"line":58,"column":33}},"58":{"start":{"line":59,"column":0},"end":{"line":59,"column":54}},"59":{"start":{"line":60,"column":0},"end":{"line":60,"column":9}},"60":{"start":{"line":61,"column":0},"end":{"line":61,"column":75}},"61":{"start":{"line":62,"column":0},"end":{"line":62,"column":48}},"62":{"start":{"line":63,"column":0},"end":{"line":63,"column":9}},"63":{"start":{"line":64,"column":0},"end":{"line":64,"column":14}},"64":{"start":{"line":65,"column":0},"end":{"line":65,"column":35}},"65":{"start":{"line":66,"column":0},"end":{"line":66,"column":28}},"66":{"start":{"line":67,"column":0},"end":{"line":67,"column":40}},"67":{"start":{"line":68,"column":0},"end":{"line":68,"column":37}},"68":{"start":{"line":69,"column":0},"end":{"line":69,"column":43}},"69":{"start":{"line":70,"column":0},"end":{"line":70,"column":33}},"70":{"start":{"line":71,"column":0},"end":{"line":71,"column":30}},"71":{"start":{"line":72,"column":0},"end":{"line":72,"column":13}},"72":{"start":{"line":73,"column":0},"end":{"line":73,"column":34}},"73":{"start":{"line":74,"column":0},"end":{"line":74,"column":48}},"74":{"start":{"line":75,"column":0},"end":{"line":75,"column":35}},"75":{"start":{"line":76,"column":0},"end":{"line":76,"column":13}},"76":{"start":{"line":77,"column":0},"end":{"line":77,"column":55}},"77":{"start":{"line":78,"column":0},"end":{"line":78,"column":41}},"78":{"start":{"line":79,"column":0},"end":{"line":79,"column":35}},"79":{"start":{"line":80,"column":0},"end":{"line":80,"column":13}},"80":{"start":{"line":81,"column":0},"end":{"line":81,"column":18}},"81":{"start":{"line":82,"column":0},"end":{"line":82,"column":6}},"82":{"start":{"line":83,"column":0},"end":{"line":83,"column":34}},"83":{"start":{"line":84,"column":0},"end":{"line":84,"column":31}},"84":{"start":{"line":85,"column":0},"end":{"line":85,"column":46}},"85":{"start":{"line":86,"column":0},"end":{"line":86,"column":16}},"86":{"start":{"line":87,"column":0},"end":{"line":87,"column":6}},"87":{"start":{"line":88,"column":0},"end":{"line":88,"column":13}},"88":{"start":{"line":89,"column":0},"end":{"line":89,"column":12}},"89":{"start":{"line":90,"column":0},"end":{"line":90,"column":32}},"90":{"start":{"line":91,"column":0},"end":{"line":91,"column":28}},"91":{"start":{"line":92,"column":0},"end":{"line":92,"column":11}},"92":{"start":{"line":93,"column":0},"end":{"line":93,"column":16}},"93":{"start":{"line":94,"column":0},"end":{"line":94,"column":67}},"94":{"start":{"line":95,"column":0},"end":{"line":95,"column":87}},"95":{"start":{"line":96,"column":0},"end":{"line":96,"column":71}},"96":{"start":{"line":97,"column":0},"end":{"line":97,"column":15}},"97":{"start":{"line":98,"column":0},"end":{"line":98,"column":45}},"98":{"start":{"line":99,"column":0},"end":{"line":99,"column":6}},"99":{"start":{"line":100,"column":0},"end":{"line":100,"column":11}},"100":{"start":{"line":101,"column":0},"end":{"line":101,"column":6}},"101":{"start":{"line":102,"column":0},"end":{"line":102,"column":48}},"102":{"start":{"line":103,"column":0},"end":{"line":103,"column":57}},"103":{"start":{"line":104,"column":0},"end":{"line":104,"column":12}},"104":{"start":{"line":105,"column":0},"end":{"line":105,"column":6}},"105":{"start":{"line":106,"column":0},"end":{"line":106,"column":48}},"106":{"start":{"line":107,"column":0},"end":{"line":107,"column":45}},"107":{"start":{"line":108,"column":0},"end":{"line":108,"column":91}},"108":{"start":{"line":109,"column":0},"end":{"line":109,"column":6}},"109":{"start":{"line":110,"column":0},"end":{"line":110,"column":30}},"110":{"start":{"line":111,"column":0},"end":{"line":111,"column":11}},"111":{"start":{"line":112,"column":0},"end":{"line":112,"column":54}},"112":{"start":{"line":113,"column":0},"end":{"line":113,"column":45}},"113":{"start":{"line":114,"column":0},"end":{"line":114,"column":90}},"114":{"start":{"line":115,"column":0},"end":{"line":115,"column":6}},"115":{"start":{"line":116,"column":0},"end":{"line":116,"column":30}},"116":{"start":{"line":117,"column":0},"end":{"line":117,"column":11}},"117":{"start":{"line":118,"column":0},"end":{"line":118,"column":16}},"118":{"start":{"line":119,"column":0},"end":{"line":119,"column":69}},"119":{"start":{"line":120,"column":0},"end":{"line":120,"column":11}},"120":{"start":{"line":121,"column":0},"end":{"line":121,"column":6}},"121":{"start":{"line":122,"column":0},"end":{"line":122,"column":9}},"122":{"start":{"line":123,"column":0},"end":{"line":123,"column":7}},"123":{"start":{"line":124,"column":0},"end":{"line":124,"column":4}},"124":{"start":{"line":125,"column":0},"end":{"line":125,"column":0}},"125":{"start":{"line":126,"column":0},"end":{"line":126,"column":5}},"126":{"start":{"line":127,"column":0},"end":{"line":127,"column":0}},"127":{"start":{"line":128,"column":0},"end":{"line":128,"column":36}},"128":{"start":{"line":129,"column":0},"end":{"line":129,"column":73}},"129":{"start":{"line":130,"column":0},"end":{"line":130,"column":24}},"130":{"start":{"line":131,"column":0},"end":{"line":131,"column":6}},"131":{"start":{"line":132,"column":0},"end":{"line":132,"column":7}},"132":{"start":{"line":133,"column":0},"end":{"line":133,"column":0}},"133":{"start":{"line":134,"column":0},"end":{"line":134,"column":29}}},"s":{"0":1,"1":1,"2":1,"3":1,"4":1,"5":1,"6":1,"7":1,"8":1,"9":1,"10":1,"11":1,"12":1,"13":1,"14":1,"15":1,"16":1,"17":1,"18":1,"19":1,"20":1,"21":1,"22":1,"23":1,"24":1,"25":1,"26":1,"27":1,"28":1,"29":1,"30":1,"31":1,"32":1,"33":1,"34":1,"35":1,"36":1,"37":1,"38":1,"39":1,"40":1,"41":1,"42":1,"43":1,"44":1,"45":1,"46":1,"47":1,"48":1,"49":1,"50":1,"51":1,"52":1,"53":1,"54":1,"55":19,"56":19,"57":19,"58":3,"59":3,"60":16,"61":1,"62":1,"63":15,"64":15,"65":15,"66":15,"67":27,"68":27,"69":27,"70":0,"71":0,"72":27,"73":1,"74":1,"75":1,"76":26,"77":2,"78":2,"79":2,"80":24,"81":24,"82":24,"83":24,"84":24,"85":24,"86":24,"87":24,"88":15,"89":15,"90":3,"91":3,"92":12,"93":12,"94":24,"95":24,"96":12,"97":12,"98":12,"99":12,"100":12,"101":12,"102":24,"103":12,"104":12,"105":15,"106":5,"107":5,"108":5,"109":5,"110":5,"111":7,"112":3,"113":3,"114":3,"115":3,"116":3,"117":4,"118":4,"119":4,"120":15,"121":15,"122":19,"123":1,"124":1,"125":1,"126":1,"127":1,"128":26,"129":26,"130":26,"131":26,"132":1,"133":1},"branchMap":{"0":{"type":"branch","line":55,"loc":{"start":{"line":55,"column":4},"end":{"line":123,"column":7}},"locations":[{"start":{"line":55,"column":4},"end":{"line":123,"column":7}}]},"1":{"type":"branch","line":58,"loc":{"start":{"line":58,"column":32},"end":{"line":60,"column":9}},"locations":[{"start":{"line":58,"column":32},"end":{"line":60,"column":9}}]},"2":{"type":"branch","line":61,"loc":{"start":{"line":61,"column":-1},"end":{"line":122,"column":9}},"locations":[{"start":{"line":61,"column":-1},"end":{"line":122,"column":9}}]},"3":{"type":"branch","line":61,"loc":{"start":{"line":61,"column":74},"end":{"line":63,"column":9}},"locations":[{"start":{"line":61,"column":74},"end":{"line":63,"column":9}}]},"4":{"type":"branch","line":64,"loc":{"start":{"line":64,"column":-1},"end":{"line":122,"column":9}},"locations":[{"start":{"line":64,"column":-1},"end":{"line":122,"column":9}}]},"5":{"type":"branch","line":90,"loc":{"start":{"line":90,"column":31},"end":{"line":92,"column":11}},"locations":[{"start":{"line":90,"column":31},"end":{"line":92,"column":11}}]},"6":{"type":"branch","line":93,"loc":{"start":{"line":93,"column":-1},"end":{"line":106,"column":47}},"locations":[{"start":{"line":93,"column":-1},"end":{"line":106,"column":47}}]},"7":{"type":"branch","line":106,"loc":{"start":{"line":106,"column":47},"end":{"line":111,"column":11}},"locations":[{"start":{"line":106,"column":47},"end":{"line":111,"column":11}}]},"8":{"type":"branch","line":112,"loc":{"start":{"line":112,"column":-1},"end":{"line":120,"column":11}},"locations":[{"start":{"line":112,"column":-1},"end":{"line":120,"column":11}}]},"9":{"type":"branch","line":112,"loc":{"start":{"line":112,"column":53},"end":{"line":117,"column":11}},"locations":[{"start":{"line":112,"column":53},"end":{"line":117,"column":11}}]},"10":{"type":"branch","line":118,"loc":{"start":{"line":118,"column":-1},"end":{"line":120,"column":11}},"locations":[{"start":{"line":118,"column":-1},"end":{"line":120,"column":11}}]},"11":{"type":"branch","line":67,"loc":{"start":{"line":67,"column":24},"end":{"line":89,"column":11}},"locations":[{"start":{"line":67,"column":24},"end":{"line":89,"column":11}}]},"12":{"type":"branch","line":70,"loc":{"start":{"line":70,"column":32},"end":{"line":72,"column":13}},"locations":[{"start":{"line":70,"column":32},"end":{"line":72,"column":13}}]},"13":{"type":"branch","line":73,"loc":{"start":{"line":73,"column":33},"end":{"line":76,"column":13}},"locations":[{"start":{"line":73,"column":33},"end":{"line":76,"column":13}}]},"14":{"type":"branch","line":77,"loc":{"start":{"line":77,"column":-1},"end":{"line":88,"column":13}},"locations":[{"start":{"line":77,"column":-1},"end":{"line":88,"column":13}}]},"15":{"type":"branch","line":77,"loc":{"start":{"line":77,"column":54},"end":{"line":80,"column":13}},"locations":[{"start":{"line":77,"column":54},"end":{"line":80,"column":13}}]},"16":{"type":"branch","line":81,"loc":{"start":{"line":81,"column":-1},"end":{"line":88,"column":13}},"locations":[{"start":{"line":81,"column":-1},"end":{"line":88,"column":13}}]},"17":{"type":"branch","line":94,"loc":{"start":{"line":94,"column":56},"end":{"line":97,"column":13}},"locations":[{"start":{"line":94,"column":56},"end":{"line":97,"column":13}}]},"18":{"type":"branch","line":95,"loc":{"start":{"line":95,"column":49},"end":{"line":95,"column":86}},"locations":[{"start":{"line":95,"column":49},"end":{"line":95,"column":86}}]},"19":{"type":"branch","line":102,"loc":{"start":{"line":102,"column":31},"end":{"line":104,"column":11}},"locations":[{"start":{"line":102,"column":31},"end":{"line":104,"column":11}}]},"20":{"type":"branch","line":128,"loc":{"start":{"line":128,"column":4},"end":{"line":132,"column":7}},"locations":[{"start":{"line":128,"column":4},"end":{"line":132,"column":7}}]},"21":{"type":"branch","line":129,"loc":{"start":{"line":129,"column":40},"end":{"line":129,"column":71}},"locations":[{"start":{"line":129,"column":40},"end":{"line":129,"column":71}}]}},"b":{"0":[19],"1":[3],"2":[16],"3":[1],"4":[15],"5":[3],"6":[12],"7":[5],"8":[7],"9":[3],"10":[4],"11":[27],"12":[0],"13":[1],"14":[26],"15":[2],"16":[24],"17":[24],"18":[72],"19":[24],"20":[26],"21":[88]},"fnMap":{"0":{"name":"calcularValorDaCompra","decl":{"start":{"line":55,"column":4},"end":{"line":123,"column":7}},"loc":{"start":{"line":55,"column":4},"end":{"line":123,"column":7}},"line":55},"1":{"name":"verificarItem","decl":{"start":{"line":128,"column":4},"end":{"line":132,"column":7}},"loc":{"start":{"line":128,"column":4},"end":{"line":132,"column":7}},"line":128}},"f":{"0":19,"1":26}}
}
