TN:
SF:src/caixa-da-lanchonete.js
FN:2,<instance_members_initializer>
FN:8,calcularValorDaCompra
FN:23,validarEntradas
FN:26,validarProdutoEQuantidade
FN:33,validarPratoPrincipal
FN:44,converterParaCardapio
FN:50,definirValorFinal
FNF:7
FNH:7
FNDA:19,<instance_members_initializer>
FNDA:19,calcularValorDaCompra
FNDA:19,validarEntradas
FNDA:27,validarProdutoEQuantidade
FNDA:15,validarPratoPrincipal
FNDA:24,converterParaCardapio
FNDA:8,definirValorFinal
DA:1,1
DA:2,19
DA:3,19
DA:4,19
DA:5,19
DA:6,19
DA:7,19
DA:8,19
DA:9,19
DA:10,19
DA:11,15
DA:12,27
DA:13,27
DA:14,27
DA:15,27
DA:16,27
DA:17,15
DA:18,15
DA:19,15
DA:20,19
DA:21,19
DA:22,19
DA:23,19
DA:24,19
DA:25,19
DA:26,19
DA:27,27
DA:28,2
DA:29,25
DA:30,25
DA:31,27
DA:32,27
DA:33,19
DA:34,15
DA:35,26
DA:36,9
DA:37,9
DA:38,4
DA:39,4
DA:40,4
DA:41,9
DA:42,26
DA:43,26
DA:44,19
DA:45,24
DA:46,24
DA:47,24
DA:48,24
DA:49,19
DA:50,19
DA:51,8
DA:52,8
DA:53,8
DA:54,8
DA:55,8
DA:56,19
DA:57,19
DA:58,19
DA:59,1
LF:59
LH:59
BRDA:2,0,0,19
BRDA:8,1,0,19
BRDA:10,2,0,15
BRDA:21,3,0,11
BRDA:21,4,0,8
BRDA:11,5,0,27
BRDA:15,6,0,24
BRDA:15,7,0,3
BRDA:23,8,0,19
BRDA:24,9,0,1
BRDA:24,10,0,18
BRDA:24,11,0,3
BRDA:24,12,0,15
BRDA:26,13,0,27
BRDA:28,14,0,2
BRDA:29,15,0,25
BRDA:30,16,0,1
BRDA:30,17,0,24
BRDA:27,18,0,89
BRDA:33,19,0,15
BRDA:34,20,0,26
BRDA:35,21,0,9
BRDA:36,22,0,4
BRDA:36,23,0,5
BRDA:37,24,0,4
BRDA:36,25,0,9
BRDA:36,26,0,16
BRDA:44,27,0,24
BRDA:45,28,0,72
BRDA:50,29,0,8
BRDA:52,30,0,3
BRDA:52,31,0,5
BRDA:52,32,0,2
BRDA:52,33,0,3
BRF:34
BRH:34
end_of_record
TN:
SF:src/cardapio.js
FN:1,<instance_members_initializer>
FN:60,getCardapio
FNF:2
FNH:2
FNDA:19,<instance_members_initializer>
FNDA:19,getCardapio
DA:1,19
DA:2,19
DA:3,19
DA:4,19
DA:5,19
DA:6,19
DA:7,19
DA:8,19
DA:9,19
DA:10,19
DA:11,19
DA:12,19
DA:13,19
DA:14,19
DA:15,19
DA:16,19
DA:17,19
DA:18,19
DA:19,19
DA:20,19
DA:21,19
DA:22,19
DA:23,19
DA:24,19
DA:25,19
DA:26,19
DA:27,19
DA:28,19
DA:29,19
DA:30,19
DA:31,19
DA:32,19
DA:33,19
DA:34,19
DA:35,19
DA:36,19
DA:37,19
DA:38,19
DA:39,19
DA:40,19
DA:41,19
DA:42,19
DA:43,19
DA:44,19
DA:45,19
DA:46,19
DA:47,19
DA:48,19
DA:49,19
DA:50,19
DA:51,19
DA:52,19
DA:53,19
DA:54,19
DA:55,19
DA:56,19
DA:57,19
DA:58,19
DA:59,19
DA:60,19
DA:61,19
DA:62,19
DA:63,19
DA:64,1
DA:65,1
DA:66,1
DA:67,1
LF:67
LH:67
BRDA:1,0,0,19
BRDA:60,1,0,19
BRF:2
BRH:2
end_of_record
