TN:
SF:src/caixa-da-lanchonete.js
FN:55,calcularValorDaCompra
FNF:1
FNH:1
FNDA:19,calcularValorDaCompra
DA:1,1
DA:2,1
DA:3,1
DA:4,1
DA:5,1
DA:6,1
DA:7,1
DA:8,1
DA:9,1
DA:10,1
DA:11,1
DA:12,1
DA:13,1
DA:14,1
DA:15,1
DA:16,1
DA:17,1
DA:18,1
DA:19,1
DA:20,1
DA:21,1
DA:22,1
DA:23,1
DA:24,1
DA:25,1
DA:26,1
DA:27,1
DA:28,1
DA:29,1
DA:30,1
DA:31,1
DA:32,1
DA:33,1
DA:34,1
DA:35,1
DA:36,1
DA:37,1
DA:38,1
DA:39,1
DA:40,1
DA:41,1
DA:42,1
DA:43,1
DA:44,1
DA:45,1
DA:46,1
DA:47,1
DA:48,1
DA:49,1
DA:50,1
DA:51,1
DA:52,1
DA:53,1
DA:54,1
DA:55,1
DA:56,19
DA:57,19
DA:58,19
DA:59,28
DA:60,28
DA:61,28
DA:62,1
DA:63,1
DA:64,1
DA:65,27
DA:66,27
DA:67,27
DA:68,27
DA:69,27
DA:70,27
DA:71,27
DA:72,27
DA:73,27
DA:74,19
DA:75,19
DA:76,1
DA:77,1
DA:78,18
DA:79,18
DA:80,27
DA:81,27
DA:82,18
DA:83,18
DA:84,18
DA:85,18
DA:86,19
DA:87,19
DA:88,1
DA:89,1
DA:90,1
DA:91,1
LF:91
LH:91
BRDA:55,0,0,19
BRDA:75,1,0,1
BRDA:78,2,0,18
BRDA:58,3,0,28
BRDA:61,4,0,27
BRDA:61,5,0,1
BRDA:65,6,0,27
BRDA:79,7,0,27
BRDA:80,8,0,89
BRF:9
BRH:9
end_of_record
